<?xml version="1.0" encoding="UTF-8"?>
<!-- Generated by org.testng.reporters.JUnitReportReporter -->
<testsuite skipped="0" hostname="QT-INBG-LT0677" name="qaclickacademy.AppiumTest" tests="2" failures="0" timestamp="2020-02-04T10:52:29 IST" time="0.015" errors="0">
  <testcase name="nativeApp" time="0.000" classname="qaclickacademy.AppiumTest"/>
  <testcase name="iosApp" time="0.015" classname="qaclickacademy.AppiumTest"/>
</testsuite> <!-- qaclickacademy.AppiumTest -->
