<?xml version="1.0" encoding="UTF-8"?>
<!-- Generated by org.testng.reporters.JUnitReportReporter -->
<testsuite skipped="0" hostname="QT-INBG-LT0677" name="qaclickacademy.AppTest" tests="1" failures="0" timestamp="2020-02-04T10:52:30 IST" time="0.000" errors="0">
  <testcase name="testApp" time="0.000" classname="qaclickacademy.AppTest"/>
</testsuite> <!-- qaclickacademy.AppTest -->
